# JRE version: Java(TM) SE Runtime Environment (8.0_121-b13) (build 1.8.0_121-b13)
# Java VM: Java HotSpot(TM) 64-Bit Server VM (25.121-b13 mixed mode windows-amd64 compressed oops)
Heap:
 PSYoungGen      total 69632K, used 40560K [0x00000000eca00000, 0x00000000f5800000, 0x0000000100000000)
  eden space 59904K, 51% used [0x00000000eca00000,0x00000000ee81f9e0,0x00000000f0480000)
  from space 9728K, 99% used [0x00000000f0480000,0x00000000f0dfc6f8,0x00000000f0e00000)
  to   space 12800K, 0% used [0x00000000f4b80000,0x00000000f4b80000,0x00000000f5800000)
 ParOldGen       total 40960K, used 18658K [0x00000000c5e00000, 0x00000000c8600000, 0x00000000eca00000)
  object space 40960K, 45% used [0x00000000c5e00000,0x00000000c70388c0,0x00000000c8600000)
 Metaspace       used 19722K, capacity 20004K, committed 20352K, reserved 1067008K
  class space    used 2104K, capacity 2167K, committed 2176K, reserved 1048576K
GC Heap History (10 events):
Event: 5.708 GC heap before
{Heap before GC invocations=3 (full 0):
 PSYoungGen      total 17920K, used 17920K [0x00000000eca00000, 0x00000000ede00000, 0x0000000100000000)
  eden space 15360K, 100% used [0x00000000eca00000,0x00000000ed900000,0x00000000ed900000)
  from space 2560K, 100% used [0x00000000edb80000,0x00000000ede00000,0x00000000ede00000)
  to   space 2560K, 0% used [0x00000000ed900000,0x00000000ed900000,0x00000000edb80000)
 ParOldGen       total 40960K, used 3771K [0x00000000c5e00000, 0x00000000c8600000, 0x00000000eca00000)
  object space 40960K, 9% used [0x00000000c5e00000,0x00000000c61aef80,0x00000000c8600000)
 Metaspace       used 12267K, capacity 12456K, committed 12800K, reserved 1060864K
  class space    used 1367K, capacity 1424K, committed 1536K, reserved 1048576K
Event: 5.716 GC heap after
Heap after GC invocations=3 (full 0):
 PSYoungGen      total 17920K, used 2529K [0x00000000eca00000, 0x00000000eed00000, 0x0000000100000000)
  eden space 15360K, 0% used [0x00000000eca00000,0x00000000eca00000,0x00000000ed900000)
  from space 2560K, 98% used [0x00000000ed900000,0x00000000edb785c8,0x00000000edb80000)
  to   space 2560K, 0% used [0x00000000eea80000,0x00000000eea80000,0x00000000eed00000)
 ParOldGen       total 40960K, used 6671K [0x00000000c5e00000, 0x00000000c8600000, 0x00000000eca00000)
  object space 40960K, 16% used [0x00000000c5e00000,0x00000000c6483ec0,0x00000000c8600000)
 Metaspace       used 12267K, capacity 12456K, committed 12800K, reserved 1060864K
  class space    used 1367K, capacity 1424K, committed 1536K, reserved 1048576K
}
Event: 5.873 GC heap before
{Heap before GC invocations=4 (full 0):
 PSYoungGen      total 17920K, used 17889K [0x00000000eca00000, 0x00000000eed00000, 0x0000000100000000)
  eden space 15360K, 100% used [0x00000000eca00000,0x00000000ed900000,0x00000000ed900000)
  from space 2560K, 98% used [0x00000000ed900000,0x00000000edb785c8,0x00000000edb80000)
  to   space 2560K, 0% used [0x00000000eea80000,0x00000000eea80000,0x00000000eed00000)
 ParOldGen       total 40960K, used 6671K [0x00000000c5e00000, 0x00000000c8600000, 0x00000000eca00000)
  object space 40960K, 16% used [0x00000000c5e00000,0x00000000c6483ec0,0x00000000c8600000)
 Metaspace       used 12268K, capacity 12456K, committed 12800K, reserved 1060864K
  class space    used 1367K, capacity 1424K, committed 1536K, reserved 1048576K
Event: 5.882 GC heap after
Heap after GC invocations=4 (full 0):
 PSYoungGen      total 33280K, used 2559K [0x00000000eca00000, 0x00000000eed00000, 0x0000000100000000)
  eden space 30720K, 0% used [0x00000000eca00000,0x00000000eca00000,0x00000000ee800000)
  from space 2560K, 99% used [0x00000000eea80000,0x00000000eecffcc0,0x00000000eed00000)
  to   space 2560K, 0% used [0x00000000ee800000,0x00000000ee800000,0x00000000eea80000)
 ParOldGen       total 40960K, used 9522K [0x00000000c5e00000, 0x00000000c8600000, 0x00000000eca00000)
  object space 40960K, 23% used [0x00000000c5e00000,0x00000000c674cbd0,0x00000000c8600000)
 Metaspace       used 12268K, capacity 12456K, committed 12800K, reserved 1060864K
  class space    used 1367K, capacity 1424K, committed 1536K, reserved 1048576K
}
Event: 6.017 GC heap before
{Heap before GC invocations=5 (full 0):
 PSYoungGen      total 33280K, used 33279K [0x00000000eca00000, 0x00000000eed00000, 0x0000000100000000)
  eden space 30720K, 100% used [0x00000000eca00000,0x00000000ee800000,0x00000000ee800000)
  from space 2560K, 99% used [0x00000000eea80000,0x00000000eecffcc0,0x00000000eed00000)
  to   space 2560K, 0% used [0x00000000ee800000,0x00000000ee800000,0x00000000eea80000)
 ParOldGen       total 40960K, used 9522K [0x00000000c5e00000, 0x00000000c8600000, 0x00000000eca00000)
  object space 40960K, 23% used [0x00000000c5e00000,0x00000000c674cbd0,0x00000000c8600000)
 Metaspace       used 12272K, capacity 12456K, committed 12800K, reserved 1060864K
  class space    used 1367K, capacity 1424K, committed 1536K, reserved 1048576K
Event: 6.035 GC heap after
Heap after GC invocations=5 (full 0):
 PSYoungGen      total 33280K, used 2560K [0x00000000eca00000, 0x00000000f1600000, 0x0000000100000000)
  eden space 30720K, 0% used [0x00000000eca00000,0x00000000eca00000,0x00000000ee800000)
  from space 2560K, 100% used [0x00000000ee800000,0x00000000eea80000,0x00000000eea80000)
  to   space 8192K, 0% used [0x00000000f0e00000,0x00000000f0e00000,0x00000000f1600000)
 ParOldGen       total 40960K, used 14941K [0x00000000c5e00000, 0x00000000c8600000, 0x00000000eca00000)
  object space 40960K, 36% used [0x00000000c5e00000,0x00000000c6c977a8,0x00000000c8600000)
 Metaspace       used 12272K, capacity 12456K, committed 12800K, reserved 1060864K
  class space    used 1367K, capacity 1424K, committed 1536K, reserved 1048576K
}
Event: 6.195 GC heap before
{Heap before GC invocations=6 (full 0):
 PSYoungGen      total 33280K, used 33280K [0x00000000eca00000, 0x00000000f1600000, 0x0000000100000000)
  eden space 30720K, 100% used [0x00000000eca00000,0x00000000ee800000,0x00000000ee800000)
  from space 2560K, 100% used [0x00000000ee800000,0x00000000eea80000,0x00000000eea80000)
  to   space 8192K, 0% used [0x00000000f0e00000,0x00000000f0e00000,0x00000000f1600000)
 ParOldGen       total 40960K, used 14941K [0x00000000c5e00000, 0x00000000c8600000, 0x00000000eca00000)
  object space 40960K, 36% used [0x00000000c5e00000,0x00000000c6c977a8,0x00000000c8600000)
 Metaspace       used 12272K, capacity 12456K, committed 12800K, reserved 1060864K
  class space    used 1367K, capacity 1424K, committed 1536K, reserved 1048576K
Event: 6.208 GC heap after
Heap after GC invocations=6 (full 0):
 PSYoungGen      total 68096K, used 8173K [0x00000000eca00000, 0x00000000f1900000, 0x0000000100000000)
  eden space 59904K, 0% used [0x00000000eca00000,0x00000000eca00000,0x00000000f0480000)
  from space 8192K, 99% used [0x00000000f0e00000,0x00000000f15fb730,0x00000000f1600000)
  to   space 9728K, 0% used [0x00000000f0480000,0x00000000f0480000,0x00000000f0e00000)
 ParOldGen       total 40960K, used 15217K [0x00000000c5e00000, 0x00000000c8600000, 0x00000000eca00000)
  object space 40960K, 37% used [0x00000000c5e00000,0x00000000c6cdc460,0x00000000c8600000)
 Metaspace       used 12272K, capacity 12456K, committed 12800K, reserved 1060864K
  class space    used 1367K, capacity 1424K, committed 1536K, reserved 1048576K
}
Event: 8.902 GC heap before
{Heap before GC invocations=7 (full 0):
 PSYoungGen      total 68096K, used 68077K [0x00000000eca00000, 0x00000000f1900000, 0x0000000100000000)
  eden space 59904K, 100% used [0x00000000eca00000,0x00000000f0480000,0x00000000f0480000)
  from space 8192K, 99% used [0x00000000f0e00000,0x00000000f15fb730,0x00000000f1600000)
  to   space 9728K, 0% used [0x00000000f0480000,0x00000000f0480000,0x00000000f0e00000)
 ParOldGen       total 40960K, used 15217K [0x00000000c5e00000, 0x00000000c8600000, 0x00000000eca00000)
  object space 40960K, 37% used [0x00000000c5e00000,0x00000000c6cdc460,0x00000000c8600000)
 Metaspace       used 13097K, capacity 13348K, committed 13568K, reserved 1060864K
  class space    used 1474K, capacity 1527K, committed 1536K, reserved 1048576K
Event: 8.925 GC heap after
Heap after GC invocations=7 (full 0):
 PSYoungGen      total 69632K, used 9713K [0x00000000eca00000, 0x00000000f5800000, 0x0000000100000000)
  eden space 59904K, 0% used [0x00000000eca00000,0x00000000eca00000,0x00000000f0480000)
  from space 9728K, 99% used [0x00000000f0480000,0x00000000f0dfc6f8,0x00000000f0e00000)
  to   space 12800K, 0% used [0x00000000f4b80000,0x00000000f4b80000,0x00000000f5800000)
 ParOldGen       total 40960K, used 18658K [0x00000000c5e00000, 0x00000000c8600000, 0x00000000eca00000)
  object space 40960K, 45% used [0x00000000c5e00000,0x00000000c70388c0,0x00000000c8600000)
 Metaspace       used 13097K, capacity 13348K, committed 13568K, reserved 1060864K
  class space    used 1474K, capacity 1527K, committed 1536K, reserved 1048576K
}

