# JRE version: Java(TM) SE Runtime Environment (8.0_121-b13) (build 1.8.0_121-b13)
# Java VM: Java HotSpot(TM) 64-Bit Server VM (25.121-b13 mixed mode windows-amd64 compressed oops)
Heap:
 PSYoungGen      total 131584K, used 12606K [0x00000000eca00000, 0x00000000f5a00000, 0x0000000100000000)
  eden space 118784K, 10% used [0x00000000eca00000,0x00000000ed64fae8,0x00000000f3e00000)
  from space 12800K, 0% used [0x00000000f4b80000,0x00000000f4b80000,0x00000000f5800000)
  to   space 13824K, 0% used [0x00000000f3e00000,0x00000000f3e00000,0x00000000f4b80000)
 ParOldGen       total 40448K, used 18473K [0x00000000c5e00000, 0x00000000c8580000, 0x00000000eca00000)
  object space 40448K, 45% used [0x00000000c5e00000,0x00000000c700a798,0x00000000c8580000)
 Metaspace       used 23082K, capacity 23396K, committed 23680K, reserved 1071104K
  class space    used 2483K, capacity 2594K, committed 2688K, reserved 1048576K
GC Heap History (10 events):
Event: 10.532 GC heap before
{Heap before GC invocations=5 (full 0):
 PSYoungGen      total 33280K, used 33248K [0x00000000eca00000, 0x00000000eed00000, 0x0000000100000000)
  eden space 30720K, 100% used [0x00000000eca00000,0x00000000ee800000,0x00000000ee800000)
  from space 2560K, 98% used [0x00000000eea80000,0x00000000eecf8020,0x00000000eed00000)
  to   space 2560K, 0% used [0x00000000ee800000,0x00000000ee800000,0x00000000eea80000)
 ParOldGen       total 40960K, used 9464K [0x00000000c5e00000, 0x00000000c8600000, 0x00000000eca00000)
  object space 40960K, 23% used [0x00000000c5e00000,0x00000000c673e1a0,0x00000000c8600000)
 Metaspace       used 12260K, capacity 12456K, committed 12800K, reserved 1060864K
  class space    used 1369K, capacity 1424K, committed 1536K, reserved 1048576K
Event: 10.544 GC heap after
Heap after GC invocations=5 (full 0):
 PSYoungGen      total 33280K, used 2528K [0x00000000eca00000, 0x00000000f1600000, 0x0000000100000000)
  eden space 30720K, 0% used [0x00000000eca00000,0x00000000eca00000,0x00000000ee800000)
  from space 2560K, 98% used [0x00000000ee800000,0x00000000eea78020,0x00000000eea80000)
  to   space 8192K, 0% used [0x00000000f0e00000,0x00000000f0e00000,0x00000000f1600000)
 ParOldGen       total 40960K, used 14904K [0x00000000c5e00000, 0x00000000c8600000, 0x00000000eca00000)
  object space 40960K, 36% used [0x00000000c5e00000,0x00000000c6c8e270,0x00000000c8600000)
 Metaspace       used 12260K, capacity 12456K, committed 12800K, reserved 1060864K
  class space    used 1369K, capacity 1424K, committed 1536K, reserved 1048576K
}
Event: 10.830 GC heap before
{Heap before GC invocations=6 (full 0):
 PSYoungGen      total 33280K, used 33248K [0x00000000eca00000, 0x00000000f1600000, 0x0000000100000000)
  eden space 30720K, 100% used [0x00000000eca00000,0x00000000ee800000,0x00000000ee800000)
  from space 2560K, 98% used [0x00000000ee800000,0x00000000eea78020,0x00000000eea80000)
  to   space 8192K, 0% used [0x00000000f0e00000,0x00000000f0e00000,0x00000000f1600000)
 ParOldGen       total 40960K, used 14904K [0x00000000c5e00000, 0x00000000c8600000, 0x00000000eca00000)
  object space 40960K, 36% used [0x00000000c5e00000,0x00000000c6c8e270,0x00000000c8600000)
 Metaspace       used 12260K, capacity 12456K, committed 12800K, reserved 1060864K
  class space    used 1369K, capacity 1424K, committed 1536K, reserved 1048576K
Event: 10.843 GC heap after
Heap after GC invocations=6 (full 0):
 PSYoungGen      total 68096K, used 8163K [0x00000000eca00000, 0x00000000f1900000, 0x0000000100000000)
  eden space 59904K, 0% used [0x00000000eca00000,0x00000000eca00000,0x00000000f0480000)
  from space 8192K, 99% used [0x00000000f0e00000,0x00000000f15f8f50,0x00000000f1600000)
  to   space 9728K, 0% used [0x00000000f0480000,0x00000000f0480000,0x00000000f0e00000)
 ParOldGen       total 40960K, used 15193K [0x00000000c5e00000, 0x00000000c8600000, 0x00000000eca00000)
  object space 40960K, 37% used [0x00000000c5e00000,0x00000000c6cd64a0,0x00000000c8600000)
 Metaspace       used 12260K, capacity 12456K, committed 12800K, reserved 1060864K
  class space    used 1369K, capacity 1424K, committed 1536K, reserved 1048576K
}
Event: 13.478 GC heap before
{Heap before GC invocations=7 (full 0):
 PSYoungGen      total 68096K, used 68067K [0x00000000eca00000, 0x00000000f1900000, 0x0000000100000000)
  eden space 59904K, 100% used [0x00000000eca00000,0x00000000f0480000,0x00000000f0480000)
  from space 8192K, 99% used [0x00000000f0e00000,0x00000000f15f8f50,0x00000000f1600000)
  to   space 9728K, 0% used [0x00000000f0480000,0x00000000f0480000,0x00000000f0e00000)
 ParOldGen       total 40960K, used 15193K [0x00000000c5e00000, 0x00000000c8600000, 0x00000000eca00000)
  object space 40960K, 37% used [0x00000000c5e00000,0x00000000c6cd64a0,0x00000000c8600000)
 Metaspace       used 13078K, capacity 13348K, committed 13568K, reserved 1060864K
  class space    used 1472K, capacity 1527K, committed 1536K, reserved 1048576K
Event: 13.495 GC heap after
Heap after GC invocations=7 (full 0):
 PSYoungGen      total 69632K, used 9699K [0x00000000eca00000, 0x00000000f5800000, 0x0000000100000000)
  eden space 59904K, 0% used [0x00000000eca00000,0x00000000eca00000,0x00000000f0480000)
  from space 9728K, 99% used [0x00000000f0480000,0x00000000f0df8f58,0x00000000f0e00000)
  to   space 12800K, 0% used [0x00000000f4b80000,0x00000000f4b80000,0x00000000f5800000)
 ParOldGen       total 40960K, used 18714K [0x00000000c5e00000, 0x00000000c8600000, 0x00000000eca00000)
  object space 40960K, 45% used [0x00000000c5e00000,0x00000000c7046ad0,0x00000000c8600000)
 Metaspace       used 13078K, capacity 13348K, committed 13568K, reserved 1060864K
  class space    used 1472K, capacity 1527K, committed 1536K, reserved 1048576K
}
Event: 74.865 GC heap before
{Heap before GC invocations=8 (full 0):
 PSYoungGen      total 69632K, used 43481K [0x00000000eca00000, 0x00000000f5800000, 0x0000000100000000)
  eden space 59904K, 56% used [0x00000000eca00000,0x00000000eeafd500,0x00000000f0480000)
  from space 9728K, 99% used [0x00000000f0480000,0x00000000f0df8f58,0x00000000f0e00000)
  to   space 12800K, 0% used [0x00000000f4b80000,0x00000000f4b80000,0x00000000f5800000)
 ParOldGen       total 40960K, used 18714K [0x00000000c5e00000, 0x00000000c8600000, 0x00000000eca00000)
  object space 40960K, 45% used [0x00000000c5e00000,0x00000000c7046ad0,0x00000000c8600000)
 Metaspace       used 20690K, capacity 20964K, committed 21296K, reserved 1069056K
  class space    used 2264K, capacity 2338K, committed 2432K, reserved 1048576K
Event: 74.883 GC heap after
Heap after GC invocations=8 (full 0):
 PSYoungGen      total 131584K, used 11155K [0x00000000eca00000, 0x00000000f5a00000, 0x0000000100000000)
  eden space 118784K, 0% used [0x00000000eca00000,0x00000000eca00000,0x00000000f3e00000)
  from space 12800K, 87% used [0x00000000f4b80000,0x00000000f5664c60,0x00000000f5800000)
  to   space 13824K, 0% used [0x00000000f3e00000,0x00000000f3e00000,0x00000000f4b80000)
 ParOldGen       total 40960K, used 18746K [0x00000000c5e00000, 0x00000000c8600000, 0x00000000eca00000)
  object space 40960K, 45% used [0x00000000c5e00000,0x00000000c704ead0,0x00000000c8600000)
 Metaspace       used 20690K, capacity 20964K, committed 21296K, reserved 1069056K
  class space    used 2264K, capacity 2338K, committed 2432K, reserved 1048576K
}
Event: 74.883 GC heap before
{Heap before GC invocations=9 (full 1):
 PSYoungGen      total 131584K, used 11155K [0x00000000eca00000, 0x00000000f5a00000, 0x0000000100000000)
  eden space 118784K, 0% used [0x00000000eca00000,0x00000000eca00000,0x00000000f3e00000)
  from space 12800K, 87% used [0x00000000f4b80000,0x00000000f5664c60,0x00000000f5800000)
  to   space 13824K, 0% used [0x00000000f3e00000,0x00000000f3e00000,0x00000000f4b80000)
 ParOldGen       total 40960K, used 18746K [0x00000000c5e00000, 0x00000000c8600000, 0x00000000eca00000)
  object space 40960K, 45% used [0x00000000c5e00000,0x00000000c704ead0,0x00000000c8600000)
 Metaspace       used 20690K, capacity 20964K, committed 21296K, reserved 1069056K
  class space    used 2264K, capacity 2338K, committed 2432K, reserved 1048576K
Event: 74.942 GC heap after
Heap after GC invocations=9 (full 1):
 PSYoungGen      total 131584K, used 0K [0x00000000eca00000, 0x00000000f5a00000, 0x0000000100000000)
  eden space 118784K, 0% used [0x00000000eca00000,0x00000000eca00000,0x00000000f3e00000)
  from space 12800K, 0% used [0x00000000f4b80000,0x00000000f4b80000,0x00000000f5800000)
  to   space 13824K, 0% used [0x00000000f3e00000,0x00000000f3e00000,0x00000000f4b80000)
 ParOldGen       total 40448K, used 18473K [0x00000000c5e00000, 0x00000000c8580000, 0x00000000eca00000)
  object space 40448K, 45% used [0x00000000c5e00000,0x00000000c700a798,0x00000000c8580000)
 Metaspace       used 20690K, capacity 20964K, committed 21296K, reserved 1069056K
  class space    used 2264K, capacity 2338K, committed 2432K, reserved 1048576K
}

